<?xml version="1.0" encoding="utf-8"?><testsuites><testsuite name="pytest" errors="0" failures="0" skipped="0" tests="36" time="3.353" timestamp="2023-07-13T14:45:35.753712" hostname="Mareks-MacBook-Air-2.local"><testcase classname="functions.anomaly" name="anomaly.GaussianScorer" time="0.007" /><testcase classname="functions.encryption" name="encryption.decode_data" time="0.001" /><testcase classname="functions.encryption" name="encryption.decrypt_data" time="0.153" /><testcase classname="functions.encryption" name="encryption.encode_data" time="0.001" /><testcase classname="functions.encryption" name="encryption.encrypt_data" time="0.063" /><testcase classname="functions.encryption" name="encryption.generate_keys" time="0.147" /><testcase classname="functions.encryption" name="encryption.load_private_key" time="0.001" /><testcase classname="functions.encryption" name="encryption.load_public_key" time="0.001" /><testcase classname="functions.encryption" name="encryption.save_private_key" time="0.118" /><testcase classname="functions.encryption" name="encryption.save_public_key" time="0.033" /><testcase classname="functions.encryption" name="encryption.sign_data" time="0.064" /><testcase classname="functions.encryption" name="encryption.split_string" time="0.001" /><testcase classname="functions.encryption" name="encryption.verify_signature" time="0.060" /><testcase classname="functions.proba" name="proba.MultivariateGaussian" time="0.015" /><testcase classname="rpc_server" name="rpc_server.RpcOutlierDetector.fit_transform" time="0.001" /><testcase classname="rpc_server" name="rpc_server.RpcOutlierDetector.get_source" time="0.101" /><testcase classname="rpc_server" name="rpc_server.RpcOutlierDetector.preprocess" time="0.002" /><testcase classname="rpc_server" name="rpc_server.RpcOutlierDetector.start" time="0.305" /><testcase classname="rpc_server" name="rpc_server.print_summary" time="0.001" /><testcase classname="rpc_server" name="rpc_server.to_mqtt" time="0.505" /><testcase classname="consumer" name="consumer.on_connect" time="0.003" /><testcase classname="consumer" name="consumer.on_message" time="0.001" /><testcase classname="consumer" name="consumer.query_file" time="0.002" /><testcase classname="consumer" name="consumer.query_mqtt" time="0.102" /><testcase classname="tests.test_encryption.TestSecurity" name="test_key_generation" time="0.159" /><testcase classname="tests.test_encryption.TestSecurity" name="test_key_saving_and_loading" time="0.002" /><testcase classname="tests.test_encryption.TestSecurity" name="test_key_retaining" time="0.138" /><testcase classname="tests.test_encryption.TestSecurity" name="test_bytes_encryption_and_decryption" time="0.004" /><testcase classname="tests.test_encryption.TestSecurity" name="test_bytes_signing_and_verification" time="0.004" /><testcase classname="tests.test_encryption.TestSecurity" name="test_str_encryption_and_decryption" time="0.002" /><testcase classname="tests.test_encryption.TestSecurity" name="test_str_signing_and_verification" time="0.001" /><testcase classname="tests.test_encryption.TestSecurity" name="test_message_signing_encryption_decryption_and_verification" time="0.006" /><testcase classname="tests.test_encryption.TestSecurity" name="test_message_signing_encryption_dump_verify_and_decrypt" time="0.006" /><testcase classname="tests.test_encryption.TestSecurity" name="test_message_signing_encryption_dump_fail_verify" time="0.008" /><testcase classname="tests.test_query.TestSecurity" name="test_verify_mqtt_message" time="0.031" /><testcase classname="tests.test_query.TestSecurity" name="test_verify_file_message" time="0.005" /></testsuite></testsuites>